Examen I bimestre/Final/app/build/intermediates/manifest_merge_blame_file/debug/manifest-merger-blame-debug-report.txt
1<?xml version="1.0" encoding="utf-8"?>
2<manifest xmlns:android="http://schemas.android.com/apk/res/android"
3    package="com.example.afinal"
4    android:versionCode="1"
5    android:versionName="1.0" >
6
7    <uses-sdk
8        android:minSdkVersion="24"
8-->src\main\AndroidManifest.xml
9        android:targetSdkVersion="30" />
9-->src\main\AndroidManifest.xml
10
11    <uses-permission android:name="android.permission.INTERNET" />
11-->src\main\AndroidManifest.xml:5:5-67
11-->src\main\AndroidManifest.xml:5:22-64
12    <uses-permission android:name="android.permission.ACCESS_NETWORK_STATE" />
12-->src\main\AndroidManifest.xml:6:5-79
12-->src\main\AndroidManifest.xml:6:22-76
13
14    <application
14-->src\main\AndroidManifest.xml:8:5-31:19
15        android:allowBackup="true"
15-->src\main\AndroidManifest.xml:9:9-35
16        android:appComponentFactory="androidx.core.app.CoreComponentFactory"
16-->[androidx.core:core:1.3.1] AndroidManifest.xml:24:18-86
17        android:debuggable="true"
18        android:extractNativeLibs="false"
19        android:icon="@mipmap/ic_launcher"
19-->src\main\AndroidManifest.xml:10:9-43
20        android:label="@string/app_name"
20-->src\main\AndroidManifest.xml:11:9-41
21        android:roundIcon="@mipmap/ic_launcher_round"
21-->src\main\AndroidManifest.xml:12:9-54
22        android:supportsRtl="true"
22-->src\main\AndroidManifest.xml:13:9-35
23        android:testOnly="true"
24        android:theme="@style/AppTheme"
24-->src\main\AndroidManifest.xml:14:9-40
25        android:usesCleartextTraffic="true" >
25-->src\main\AndroidManifest.xml:15:9-44
26        <activity android:name="com.example.afinal.RecyclerViewActivity" />
26-->src\main\AndroidManifest.xml:16:9-67
26-->src\main\AndroidManifest.xml:16:19-55
27        <activity android:name="com.example.afinal.HttpActivity" />
27-->src\main\AndroidManifest.xml:17:9-50
27-->src\main\AndroidManifest.xml:17:19-47
28        <activity android:name="com.example.afinal.ListaPokemones" />
28-->src\main\AndroidManifest.xml:18:9-52
28-->src\main\AndroidManifest.xml:18:19-49
29        <activity android:name="com.example.afinal.ModificarPokemonActivity" />
29-->src\main\AndroidManifest.xml:19:9-62
29-->src\main\AndroidManifest.xml:19:19-59
30        <activity android:name="com.example.afinal.EntrenadorActivity" />
30-->src\main\AndroidManifest.xml:20:9-56
30-->src\main\AndroidManifest.xml:20:19-53
31        <activity android:name="com.example.afinal.ListaEntrenadoresActivity" />
31-->src\main\AndroidManifest.xml:21:9-63
31-->src\main\AndroidManifest.xml:21:19-60
32        <activity android:name="com.example.afinal.AgregarEntrenadorActivity" />
32-->src\main\AndroidManifest.xml:22:9-63
32-->src\main\AndroidManifest.xml:22:19-60
33        <activity android:name="com.example.afinal.PokemonActivity" />
33-->src\main\AndroidManifest.xml:23:9-53
33-->src\main\AndroidManifest.xml:23:19-50
34        <activity android:name="com.example.afinal.MainActivity" >
34-->src\main\AndroidManifest.xml:24:9-30:20
34-->src\main\AndroidManifest.xml:24:19-47
35            <intent-filter>
35-->src\main\AndroidManifest.xml:25:13-29:29
36                <action android:name="android.intent.action.MAIN" />
36-->src\main\AndroidManifest.xml:26:17-69
36-->src\main\AndroidManifest.xml:26:25-66
37
38                <category android:name="android.intent.category.LAUNCHER" />
38-->src\main\AndroidManifest.xml:28:17-77
38-->src\main\AndroidManifest.xml:28:27-74
39            </intent-filter>
40        </activity>
41    </application>
42
43</manifest>